# JRE version: Java(TM) SE Runtime Environment (8.0_151-b12) (build 1.8.0_151-b12)
# Java VM: Java HotSpot(TM) 64-Bit Server VM (25.151-b12 mixed mode windows-amd64 compressed oops)
Heap:
 PSYoungGen      total 651776K, used 30447K [0x00000000d5c00000, 0x0000000100000000, 0x0000000100000000)
  eden space 620544K, 0% used [0x00000000d5c00000,0x00000000d5e3dd98,0x00000000fba00000)
  from space 31232K, 90% used [0x00000000fba00000,0x00000000fd57e1b8,0x00000000fd880000)
  to   space 31232K, 0% used [0x00000000fe180000,0x00000000fe180000,0x0000000100000000)
 ParOldGen       total 169984K, used 110611K [0x0000000081400000, 0x000000008ba00000, 0x00000000d5c00000)
  object space 169984K, 65% used [0x0000000081400000,0x0000000088004f38,0x000000008ba00000)
 Metaspace       used 55808K, capacity 56866K, committed 57472K, reserved 1099776K
  class space    used 7124K, capacity 7347K, committed 7552K, reserved 1048576K
GC Heap History (10 events):
Event: 5135.033 GC heap before
{Heap before GC invocations=677 (full 6):
 PSYoungGen      total 629248K, used 624540K [0x00000000d5c00000, 0x00000000fe100000, 0x0000000100000000)
  eden space 598016K, 100% used [0x00000000d5c00000,0x00000000fa400000,0x00000000fa400000)
  from space 31232K, 84% used [0x00000000fc280000,0x00000000fdc670f8,0x00000000fe100000)
  to   space 31232K, 0% used [0x00000000fa400000,0x00000000fa400000,0x00000000fc280000)
 ParOldGen       total 169984K, used 108096K [0x0000000081400000, 0x000000008ba00000, 0x00000000d5c00000)
  object space 169984K, 63% used [0x0000000081400000,0x0000000087d90208,0x000000008ba00000)
 Metaspace       used 55808K, capacity 56866K, committed 57472K, reserved 1099776K
  class space    used 7124K, capacity 7347K, committed 7552K, reserved 1048576K
Event: 5135.059 GC heap after
Heap after GC invocations=677 (full 6):
 PSYoungGen      total 629248K, used 29223K [0x00000000d5c00000, 0x00000000fed00000, 0x0000000100000000)
  eden space 598016K, 0% used [0x00000000d5c00000,0x00000000d5c00000,0x00000000fa400000)
  from space 31232K, 93% used [0x00000000fa400000,0x00000000fc089fe0,0x00000000fc280000)
  to   space 31744K, 0% used [0x00000000fce00000,0x00000000fce00000,0x00000000fed00000)
 ParOldGen       total 169984K, used 108624K [0x0000000081400000, 0x000000008ba00000, 0x00000000d5c00000)
  object space 169984K, 63% used [0x0000000081400000,0x0000000087e142c8,0x000000008ba00000)
 Metaspace       used 55808K, capacity 56866K, committed 57472K, reserved 1099776K
  class space    used 7124K, capacity 7347K, committed 7552K, reserved 1048576K
}
Event: 5159.785 GC heap before
{Heap before GC invocations=678 (full 6):
 PSYoungGen      total 629248K, used 627239K [0x00000000d5c00000, 0x00000000fed00000, 0x0000000100000000)
  eden space 598016K, 100% used [0x00000000d5c00000,0x00000000fa400000,0x00000000fa400000)
  from space 31232K, 93% used [0x00000000fa400000,0x00000000fc089fe0,0x00000000fc280000)
  to   space 31744K, 0% used [0x00000000fce00000,0x00000000fce00000,0x00000000fed00000)
 ParOldGen       total 169984K, used 108624K [0x0000000081400000, 0x000000008ba00000, 0x00000000d5c00000)
  object space 169984K, 63% used [0x0000000081400000,0x0000000087e142c8,0x000000008ba00000)
 Metaspace       used 55808K, capacity 56866K, committed 57472K, reserved 1099776K
  class space    used 7124K, capacity 7347K, committed 7552K, reserved 1048576K
Event: 5159.815 GC heap after
Heap after GC invocations=678 (full 6):
 PSYoungGen      total 641024K, used 28729K [0x00000000d5c00000, 0x00000000fed00000, 0x0000000100000000)
  eden space 609280K, 0% used [0x00000000d5c00000,0x00000000d5c00000,0x00000000faf00000)
  from space 31744K, 90% used [0x00000000fce00000,0x00000000fea0e4e0,0x00000000fed00000)
  to   space 31744K, 0% used [0x00000000faf00000,0x00000000faf00000,0x00000000fce00000)
 ParOldGen       total 169984K, used 109296K [0x0000000081400000, 0x000000008ba00000, 0x00000000d5c00000)
  object space 169984K, 64% used [0x0000000081400000,0x0000000087ebc3f8,0x000000008ba00000)
 Metaspace       used 55808K, capacity 56866K, committed 57472K, reserved 1099776K
  class space    used 7124K, capacity 7347K, committed 7552K, reserved 1048576K
}
Event: 5184.667 GC heap before
{Heap before GC invocations=679 (full 6):
 PSYoungGen      total 641024K, used 638009K [0x00000000d5c00000, 0x00000000fed00000, 0x0000000100000000)
  eden space 609280K, 100% used [0x00000000d5c00000,0x00000000faf00000,0x00000000faf00000)
  from space 31744K, 90% used [0x00000000fce00000,0x00000000fea0e4e0,0x00000000fed00000)
  to   space 31744K, 0% used [0x00000000faf00000,0x00000000faf00000,0x00000000fce00000)
 ParOldGen       total 169984K, used 109296K [0x0000000081400000, 0x000000008ba00000, 0x00000000d5c00000)
  object space 169984K, 64% used [0x0000000081400000,0x0000000087ebc3f8,0x000000008ba00000)
 Metaspace       used 55808K, capacity 56866K, committed 57472K, reserved 1099776K
  class space    used 7124K, capacity 7347K, committed 7552K, reserved 1048576K
Event: 5184.697 GC heap after
Heap after GC invocations=679 (full 6):
 PSYoungGen      total 641024K, used 28011K [0x00000000d5c00000, 0x00000000ff880000, 0x0000000100000000)
  eden space 609280K, 0% used [0x00000000d5c00000,0x00000000d5c00000,0x00000000faf00000)
  from space 31744K, 88% used [0x00000000faf00000,0x00000000fca5ae10,0x00000000fce00000)
  to   space 31744K, 0% used [0x00000000fd980000,0x00000000fd980000,0x00000000ff880000)
 ParOldGen       total 169984K, used 109827K [0x0000000081400000, 0x000000008ba00000, 0x00000000d5c00000)
  object space 169984K, 64% used [0x0000000081400000,0x0000000087f40f38,0x000000008ba00000)
 Metaspace       used 55808K, capacity 56866K, committed 57472K, reserved 1099776K
  class space    used 7124K, capacity 7347K, committed 7552K, reserved 1048576K
}
Event: 5209.765 GC heap before
{Heap before GC invocations=680 (full 6):
 PSYoungGen      total 641024K, used 637290K [0x00000000d5c00000, 0x00000000ff880000, 0x0000000100000000)
  eden space 609280K, 99% used [0x00000000d5c00000,0x00000000faeffbf8,0x00000000faf00000)
  from space 31744K, 88% used [0x00000000faf00000,0x00000000fca5ae10,0x00000000fce00000)
  to   space 31744K, 0% used [0x00000000fd980000,0x00000000fd980000,0x00000000ff880000)
 ParOldGen       total 169984K, used 109827K [0x0000000081400000, 0x000000008ba00000, 0x00000000d5c00000)
  object space 169984K, 64% used [0x0000000081400000,0x0000000087f40f38,0x000000008ba00000)
 Metaspace       used 55808K, capacity 56866K, committed 57472K, reserved 1099776K
  class space    used 7124K, capacity 7347K, committed 7552K, reserved 1048576K
Event: 5209.793 GC heap after
Heap after GC invocations=680 (full 6):
 PSYoungGen      total 650752K, used 27774K [0x00000000d5c00000, 0x00000000ff700000, 0x0000000100000000)
  eden space 620544K, 0% used [0x00000000d5c00000,0x00000000d5c00000,0x00000000fba00000)
  from space 30208K, 91% used [0x00000000fd980000,0x00000000ff49f9f8,0x00000000ff700000)
  to   space 31232K, 0% used [0x00000000fba00000,0x00000000fba00000,0x00000000fd880000)
 ParOldGen       total 169984K, used 110219K [0x0000000081400000, 0x000000008ba00000, 0x00000000d5c00000)
  object space 169984K, 64% used [0x0000000081400000,0x0000000087fa2f38,0x000000008ba00000)
 Metaspace       used 55808K, capacity 56866K, committed 57472K, reserved 1099776K
  class space    used 7124K, capacity 7347K, committed 7552K, reserved 1048576K
}
Event: 5235.281 GC heap before
{Heap before GC invocations=681 (full 6):
 PSYoungGen      total 650752K, used 648318K [0x00000000d5c00000, 0x00000000ff700000, 0x0000000100000000)
  eden space 620544K, 100% used [0x00000000d5c00000,0x00000000fba00000,0x00000000fba00000)
  from space 30208K, 91% used [0x00000000fd980000,0x00000000ff49f9f8,0x00000000ff700000)
  to   space 31232K, 0% used [0x00000000fba00000,0x00000000fba00000,0x00000000fd880000)
 ParOldGen       total 169984K, used 110219K [0x0000000081400000, 0x000000008ba00000, 0x00000000d5c00000)
  object space 169984K, 64% used [0x0000000081400000,0x0000000087fa2f38,0x000000008ba00000)
 Metaspace       used 55808K, capacity 56866K, committed 57472K, reserved 1099776K
  class space    used 7124K, capacity 7347K, committed 7552K, reserved 1048576K
Event: 5235.307 GC heap after
Heap after GC invocations=681 (full 6):
 PSYoungGen      total 651776K, used 28152K [0x00000000d5c00000, 0x0000000100000000, 0x0000000100000000)
  eden space 620544K, 0% used [0x00000000d5c00000,0x00000000d5c00000,0x00000000fba00000)
  from space 31232K, 90% used [0x00000000fba00000,0x00000000fd57e1b8,0x00000000fd880000)
  to   space 31232K, 0% used [0x00000000fe180000,0x00000000fe180000,0x0000000100000000)
 ParOldGen       total 169984K, used 110611K [0x0000000081400000, 0x000000008ba00000, 0x00000000d5c00000)
  object space 169984K, 65% used [0x0000000081400000,0x0000000088004f38,0x000000008ba00000)
 Metaspace       used 55808K, capacity 56866K, committed 57472K, reserved 1099776K
  class space    used 7124K, capacity 7347K, committed 7552K, reserved 1048576K
}

